<?xml version="1.0" encoding="UTF-8"?>
<!-- Generated by org.testng.reporters.JUnitXMLReporter -->
<testsuite ignored="0" hostname="DESKTOP-TC87MBS" failures="1" tests="3" name="Test" time="0.101" errors="0" timestamp="2023-12-18T10:40:29 IST">
  <testcase classname="practice.Sample" name="m1" time="0.013"/>
  <testcase classname="practice.Sample" name="m2" time="0.005">
    <failure type="java.lang.AssertionError" message="null">
      <![CDATA[java.lang.AssertionError: null
at practice.Sample.m2(Sample.java:15)
at java.base/java.util.ArrayList.forEach(ArrayList.java:1511)
at java.base/java.util.concurrent.FutureTask.run(FutureTask.java:264)
at java.base/java.util.concurrent.ThreadPoolExecutor.runWorker(ThreadPoolExecutor.java:1136)
at java.base/java.util.concurrent.ThreadPoolExecutor$Worker.run(ThreadPoolExecutor.java:635)
at java.base/java.lang.Thread.run(Thread.java:833)
... Removed 20 stack frames]]>
    </failure>
  </testcase> <!-- m2 -->
  <testcase classname="practice.Dimple" name="m3" time="0.002"/>
</testsuite> <!-- Test -->
